2023-04-15 06:07:48,529 - Open browser  -INFO - Opening Browser ...
2023-04-15 06:07:49,354 - Open URL  -INFO - Open URL https://subscribe.stctv.com/sa-en?
2023-04-15 06:07:56,961 - Check element is displayed -INFO - selectedCountry is Displayed successfully
2023-04-15 06:07:57,054 - Check element is displayed -INFO - Click on selectedCountry
2023-04-15 06:07:57,271 - Check element is displayed -INFO - select Country Popup is Displayed successfully
2023-04-15 06:07:57,504 - Check element is displayed -INFO - Bahrain is Displayed successfully
2023-04-15 06:07:59,553 - Check element is displayed -INFO - Click on Bahrain
2023-04-15 06:07:59,631 - Get Element Text -INFO - The selected Country text is Bahrain
2023-04-15 06:07:59,633 - Assertion  -INFO - Verifing plans
2023-04-15 06:07:59,917 - Assertion  -INFO - Verifing prices
2023-04-15 06:08:00,473 - Open URL  -INFO - Open URL https://subscribe.stctv.com/sa-en?
2023-04-15 06:08:02,654 - Check element is displayed -INFO - selectedCountry is Displayed successfully
2023-04-15 06:08:02,729 - Check element is displayed -INFO - Click on selectedCountry
2023-04-15 06:08:02,795 - Check element is displayed -INFO - select Country Popup is Displayed successfully
2023-04-15 06:08:02,925 - Check element is displayed -INFO - KSA is Displayed successfully
2023-04-15 06:08:04,816 - Check element is displayed -INFO - Click on KSA
2023-04-15 06:08:04,897 - Get Element Text -INFO - The selected Country text is KSA
2023-04-15 06:08:04,900 - Assertion  -INFO - Verifing plans
2023-04-15 06:08:04,976 - Assertion  -INFO - Verifing prices
2023-04-15 06:08:05,057 - Assertion  -INFO - Verifing currencies
2023-04-15 06:08:05,194 - Open URL  -INFO - Open URL https://subscribe.stctv.com/sa-en?
2023-04-15 06:08:07,150 - Check element is displayed -INFO - selectedCountry is Displayed successfully
2023-04-15 06:08:07,303 - Check element is displayed -INFO - Click on selectedCountry
2023-04-15 06:08:07,382 - Check element is displayed -INFO - select Country Popup is Displayed successfully
2023-04-15 06:08:07,606 - Check element is displayed -INFO - Kuwait is Displayed successfully
2023-04-15 06:08:11,323 - Check element is displayed -INFO - Click on Kuwait
2023-04-15 06:08:11,420 - Get Element Text -INFO - The selected Country text is Kuwait
2023-04-15 06:08:11,421 - Assertion  -INFO - Verifing plans
2023-04-15 06:08:11,487 - Assertion  -INFO - Verifing prices
2023-04-15 06:08:11,545 - Assertion  -INFO - Verifing currencies
2023-04-15 06:08:12,309 - Close browser  -INFO - Close Browser ...
